[2014-01-21 17:21]  Using input YAML configuration: /media/ephemeral0/projects/cancer_ngs/results/2014_01_09_ngs_stage_2/TCGA-IQ-7632/conf/TCGA-IQ-7632_runcfg.yaml
[2014-01-21 17:21]  Checking sample YAML configuration: /media/ephemeral0/projects/cancer_ngs/results/2014_01_09_ngs_stage_2/TCGA-IQ-7632/conf/TCGA-IQ-7632_runcfg.yaml
[2014-01-21 17:21]  Testing minimum versions of installed programs
[2014-01-21 17:21]  Timing: alignment
[2014-01-21 17:21]  multiprocessing: prep_align_inputs
[2014-01-21 17:21]  multiprocessing: process_alignment
[2014-01-21 17:21]  Aligning lane 1_140121_TCGA-IQ-7632_mutect with bwa aligner
[2014-01-21 17:22]  Uncaught exception occurred
Traceback (most recent call last):
  File "/home/sgeadmin/projects/cancer_ngs/external/bcbio-nextgen/anaconda/lib/python2.7/site-packages/bcbio/provenance/do.py", line 22, in run
    _do_run(cmd, checks)
  File "/home/sgeadmin/projects/cancer_ngs/external/bcbio-nextgen/anaconda/lib/python2.7/site-packages/bcbio/provenance/do.py", line 103, in _do_run
    line = stdout.readline()
KeyboardInterrupt
[2014-01-21 17:22]  Using input YAML configuration: /media/ephemeral0/projects/cancer_ngs/results/2014_01_09_ngs_stage_2/TCGA-IQ-7632/conf/TCGA-IQ-7632_runcfg.yaml
[2014-01-21 17:22]  Checking sample YAML configuration: /media/ephemeral0/projects/cancer_ngs/results/2014_01_09_ngs_stage_2/TCGA-IQ-7632/conf/TCGA-IQ-7632_runcfg.yaml
[2014-01-21 17:22]  Testing minimum versions of installed programs
[2014-01-21 17:22]  Timing: alignment
[2014-01-21 17:22]  multiprocessing: prep_align_inputs
[2014-01-21 17:22]  multiprocessing: process_alignment
[2014-01-21 17:22]  Aligning lane 2_140121_TCGA-IQ-7632_mutect with bwa aligner
[2014-01-21 17:22]  Aligning lane 1_140121_TCGA-IQ-7632_mutect with bwa aligner
[2014-01-21 18:23]  multiprocessing: postprocess_alignment
[2014-01-21 18:23]  multiprocessing: calc_callable_loci
[2014-01-21 18:23]  multiprocessing: calc_callable_loci
[2014-01-21 19:10]  multiprocessing: combine_bed
[2014-01-21 19:10]  multiprocessing: combine_bed
[2014-01-21 19:10]  Recalibrating ['', 'TCGA-IQ-7632-10A-01D-2078-08'] with GATK
[2014-01-21 19:11]  Recalibrating ['', 'TCGA-IQ-7632-01A-11D-2078-08'] with GATK
[2014-01-21 20:39]  Identified 1918 parallel analysis blocks
Block sizes:
  min: 4262
  5%: 1550940.0
  25%: 1552559.5
  median: 1556536.5
  75%: 1564806.75
  95%: 1593883.55
  99%: 3792417.98
  max: 31345866
Between block sizes:
  min: 101
  5%: 133.65
  25%: 1020.0
  median: 4225.0
  75%: 12205.0
  95%: 36336.75
  99%: 66334.39
  max: 279208

[2014-01-21 20:39]  Timing: coverage
[2014-01-21 20:39]  Timing: alignment post-processing
[2014-01-21 20:39]  multiprocessing: piped_bamprep
[2014-01-22 02:43]  Timing: variant calling
[2014-01-22 02:43]  multiprocessing: variantcall_sample
[2014-01-22 04:02]  multiprocessing: split_variants_by_sample
[2014-01-22 05:00]  multiprocessing: concat_variant_files
[2014-01-22 05:01]  Timing: variant post-processing
[2014-01-22 05:01]  multiprocessing: postprocess_variants
[2014-01-22 05:01]  Finalizing variant calls: TCGA-IQ-7632-01A-11D-2078-08, mutect
[2014-01-22 05:01]  Finalizing variant calls: TCGA-IQ-7632-10A-01D-2078-08, mutect
[2014-01-22 05:04]  Calculating variation effects for TCGA-IQ-7632-01A-11D-2078-08, mutect
[2014-01-22 05:05]  Calculating variation effects for TCGA-IQ-7632-10A-01D-2078-08, mutect
[2014-01-22 05:06]  Timing: validation
[2014-01-22 05:06]  multiprocessing: compare_to_rm
[2014-01-22 05:06]  Timing: ensemble calling
[2014-01-22 05:06]  Timing: prepped BAM merging
[2014-01-22 05:06]  multiprocessing: delayed_bam_merge
[2014-01-22 05:46]  Timing: structural variation
[2014-01-22 05:46]  Timing: population database
[2014-01-22 05:46]  multiprocessing: prep_gemini_db
[2014-01-22 05:49]  Timing: quality control
[2014-01-22 05:49]  multiprocessing: pipeline_summary
[2014-01-22 05:49]  Generating summary files: ['', 'TCGA-IQ-7632-01A-11D-2078-08']
[2014-01-22 05:49]  Generating summary files: ['', 'TCGA-IQ-7632-10A-01D-2078-08']
[2014-01-22 06:07]  Timing: finished
[2014-01-22 06:07]  Storing directory in local filesystem: /data/results/TCGA-IQ-7632/TCGA-IQ-7632-01A-11D-2078-08/qc
[2014-01-22 06:07]  Storing in local filesystem: /data/results/TCGA-IQ-7632/TCGA-IQ-7632-01A-11D-2078-08/TCGA-IQ-7632-01A-11D-2078-08-ready.bam
[2014-01-22 06:13]  Storing in local filesystem: /data/results/TCGA-IQ-7632/TCGA-IQ-7632-01A-11D-2078-08/TCGA-IQ-7632-01A-11D-2078-08-ready.bai
[2014-01-22 06:13]  Storing in local filesystem: /data/results/TCGA-IQ-7632/TCGA-IQ-7632-01A-11D-2078-08/TCGA-IQ-7632-01A-11D-2078-08-mutect.vcf
[2014-01-22 06:13]  Storing in local filesystem: /data/results/TCGA-IQ-7632/140121_TCGA-IQ-7632_mutect/programs.txt
[2014-01-22 06:13]  Storing in local filesystem: /data/results/TCGA-IQ-7632/140121_TCGA-IQ-7632_mutect/project-summary.yaml
[2014-01-22 06:13]  Storing in local filesystem: /data/results/TCGA-IQ-7632/140121_TCGA-IQ-7632_mutect/TCGA-IQ-7632-mutect.vcf
[2014-01-22 06:13]  Storing directory in local filesystem: /data/results/TCGA-IQ-7632/TCGA-IQ-7632-10A-01D-2078-08/qc
[2014-01-22 06:13]  Storing in local filesystem: /data/results/TCGA-IQ-7632/TCGA-IQ-7632-10A-01D-2078-08/TCGA-IQ-7632-10A-01D-2078-08-ready.bam
[2014-01-22 06:19]  Storing in local filesystem: /data/results/TCGA-IQ-7632/TCGA-IQ-7632-10A-01D-2078-08/TCGA-IQ-7632-10A-01D-2078-08-ready.bai
[2014-01-22 06:19]  Storing in local filesystem: /data/results/TCGA-IQ-7632/TCGA-IQ-7632-10A-01D-2078-08/TCGA-IQ-7632-10A-01D-2078-08-mutect.vcf
