## muTector v1.0.47986
contig	position	context	ref_allele	alt_allele	tumor_name	normal_name	score	dbsnp_site	covered	power	tumor_power	normal_power	total_pairs	improper_pairs	map_Q0_reads	t_lod_fstar	tumor_f	contaminant_fraction	contaminant_lod	t_ref_count	t_alt_count	t_ref_sum	t_alt_sum	t_ref_max_mapq	t_alt_max_mapq	t_ins_count	t_del_count	normal_best_gt	init_n_lod	n_ref_count	n_alt_count	n_ref_sum	n_alt_sum	judgement
chr1	1886859	GTGxGGC	C	T	GP1	GP1	0	DBSNP	COVERED	0.918171	0.918171	1	120	0	0	7.376299	0.068182	0.02	-0.386026	41	3	1560	107	60	60	0	0	CC	19.863391	66	0	2442	0	KEEP
chr1	2522204	CGCxGGT	G	T	GP1	GP1	0	DBSNP	COVERED	0.612402	0.612407	0.999992	68	0	0	8.641844	0.111111	0.02	-0.23682	24	3	760	113	60	60	0	0	GG	7.959522	40	1	1284	39	KEEP
chr1	94643531	TGGxTGT	T	C	GP1	GP1	0	DBSNP	COVERED	0.999998	0.999998	1	329	0	0	12.280915	0.042017	0.02	4.730975	114	5	4077	189	60	60	0	0	TT	51.104253	183	1	6612	38	KEEP
chr1	152281523	CCCxAGC	A	C	GP1	GP1	0	DBSNP	COVERED	0.973965	0.973965	1	136	0	0	11.768908	0.1	0.02	2.313989	45	5	1686	164	60	60	0	0	AA	18.398775	75	1	2804	40	KEEP
chr1	154573967	CTTxTGG	T	C	GP1	GP1	0	DBSNP	COVERED	1	1	1	449	0	0	18.798695	0.042945	0.02	7.332222	156	7	5690	280	60	60	0	0	TT	75.548425	251	0	9244	0	KEEP
chr1	185267114	TCTxCTA	A	G	GP1	GP1	0	DBSNP	COVERED	0.999768	0.999768	1	219	0	0	10.643145	0.045455	0.02	2.115447	84	4	2966	158	60	60	0	0	AA	34.346378	122	1	4428	22	KEEP
chr1	197070707	TACxATA	G	A	GP1	GP1	0	DBSNP	UNCOVERED	0.120436	0.120436	1	194	0	0	6.389331	0.181818	0.02	-0.096503	9	2	331	77	60	60	0	0	GG	45.166156	163	1	5764	37	KEEP
chr1	201177246	TGGxGGC	T	C	GP1	GP1	0	DBSNP	COVERED	1	1	1	314	0	0	12.810888	0.046154	0.02	3.73671	124	6	4415	205	60	60	0	0	TT	49.657323	165	0	6020	0	KEEP
chr1	209849002	TCAxTCC	T	C	GP1	GP1	0	DBSNP	COVERED	0.959859	0.959859	1	117	0	0	7.803881	0.06	0.02	-0.43866	47	3	1735	113	60	60	0	0	TT	14.282889	61	1	2229	39	KEEP
chr2	61566824	AGAxAAA	G	A	GP1	GP1	0	NOVEL	COVERED	0.351495	0.353947	0.993072	36	0	0	8.005361	0.210526	0.02	-0.16456	15	4	401	103	60	60	2	0	GG	3.296109	11	0	316	0	KEEP
chr2	179419223	CTCxCCA	G	C	GP1	GP1	0	DBSNP	COVERED	0.66852	0.668523	0.999995	115	0	0	6.549564	0.103448	0.02	-0.253723	26	3	827	93	60	60	0	0	GG	12.13363	44	1	1344	9	KEEP
chr2	179427536	TTAxGGT	T	C	GP1	GP1	0	DBSNP	COVERED	0.959859	0.959859	1	312	0	0	7.704593	0.06	0.02	-0.438467	47	3	1736	112	60	60	0	0	TT	66.454301	233	1	8808	35	KEEP
chr2	179579212	GGGxTCA	T	C	GP1	GP1	0	DBSNP	COVERED	0.888875	0.888875	1	212	0	0	8.471243	0.073171	0.02	-0.35964	38	3	1352	117	60	60	0	0	TT	43.073282	156	1	5630	37	KEEP
chr2	192160839	GACxTAC	A	T	GP1	GP1	0	DBSNP	COVERED	0.612407	0.612407	1	106	0	0	16.167241	0.185185	0.02	-0.236879	22	5	822	194	60	60	0	0	AA	22.876389	76	0	2921	0	KEEP
chr2	192160875	ATAxCGG	C	T	GP1	GP1	0	DBSNP	COVERED	0.717315	0.717315	1	155	0	0	11.831855	0.129032	0.02	-0.27197	27	4	1021	151	60	60	0	0	CC	33.712044	112	0	4250	0	KEEP
chr2	225672460	GCCxTAC	G	A	GP1	GP1	0	DBSNP	COVERED	0.78106	0.78106	1	200	0	0	8.566041	0.090909	0.02	-0.289502	30	3	1079	115	60	60	0	0	GG	43.940351	146	0	5178	0	KEEP
chr2	238601146	GAGxCCG	C	T	GP1	GP1	0	NOVEL	COVERED	0.490544	0.490544	1	97	0	0	6.767496	0.130435	0.02	-0.201767	20	3	765	92	60	60	0	0	CC	16.856507	56	0	2201	0	KEEP
chr3	54930699	ATGxAGG	A	T	GP1	GP1	0	DBSNP	COVERED	0.996233	0.996233	1	178	0	0	9.977332	0.057971	0.02	1.982631	65	4	2373	147	60	60	0	0	AA	23.613696	91	1	3342	36	KEEP
chr3	71759604	ATGxGCA	C	T	GP1	GP1	0	DBSNP	COVERED	0.998993	0.998993	1	228	0	0	10.558202	0.051282	0.02	2.103411	74	4	2573	155	60	60	0	0	CC	37.318595	124	0	4419	0	KEEP
chr4	3475359	CGGxGAG	C	G	GP1	GP1	0	NOVEL	UNCOVERED	0.036559	0.036766	0.994391	19	0	0	11.125777	0.5	0.02	-0.052627	3	3	88	115	60	60	0	0	CC	3.907652	13	0	396	0	KEEP
chr4	15689928	TGAxTTT	G	A	GP1	GP1	0	DBSNP	COVERED	0.999881	0.999881	1	239	0	0	9.465175	0.043478	0.02	1.681106	88	4	3367	147	60	60	0	0	GG	34.752519	128	1	5000	36	KEEP
chr4	80993796	CCCxGCA	G	T	GP1	GP1	0	DBSNP	COVERED	0.97082	0.97082	1	129	0	0	10.85134	0.075472	0.02	2.322744	49	4	1717	151	60	60	0	0	GG	18.659283	62	0	2233	0	KEEP
chr4	111409705	TAGxGGC	T	C	GP1	GP1	0	DBSNP	COVERED	0.995084	0.995084	1	177	0	0	10.729764	0.059701	0.02	2.199906	63	4	2221	154	60	60	0	0	TT	29.192333	97	0	3520	0	KEEP
chr4	118975146	TATxATT	C	T	GP1	GP1	0	DBSNP	COVERED	0.387407	0.387407	1	185	0	0	8.660099	0.15	0.02	-0.175468	17	3	651	109	60	60	0	0	CC	46.652012	155	0	5945	0	KEEP
chr4	173961456	TGAxAAC	G	A	GP1	GP1	0	NOVEL	COVERED	0.455625	0.457757	0.995343	38	0	0	18.664601	0.272727	0.02	-0.192998	16	6	582	214	60	60	0	0	GG	4.198322	14	0	515	0	KEEP
chr4	173961457	GAGxACT	A	C	GP1	GP1	0	NOVEL	COVERED	0.455625	0.457757	0.995343	37	0	0	19.864456	0.272727	0.02	-0.193009	16	6	571	226	60	60	0	0	AA	4.207845	14	0	479	0	KEEP
chr5	140501848	CTAxACC	G	C	GP1	GP1	0	NOVEL	COVERED	1	1	1	311	0	0	133.103717	0.289855	0.02	4.963848	98	40	3706	1501	60	60	0	0	GG	39.914351	147	1	5554	41	KEEP
chr6	12296255	CAAxCCC	G	T	GP1	GP1	0	DBSNP	COVERED	1	1	1	394	0	0	10.686842	0.038168	0.02	4.326201	126	5	4844	175	60	60	0	0	GG	67.406075	224	0	8568	0	KEEP
chr6	25279856	TGGxGGG	T	G	GP1	GP1	0	NOVEL	COVERED	0.260937	0.260965	0.999892	54	0	0	6.504405	0.25	0.02	-0.13865	12	4	364	85	60	60	0	0	TT	6.910185	23	0	685	0	KEEP
chr6	44230363	CACxGCT	C	T	GP1	GP1	0	NOVEL	COVERED	0.976865	0.976865	1	142	0	0	84.189203	0.436364	0.02	2.404969	31	24	1041	891	60	60	0	0	CC	22.561445	75	0	2539	0	KEEP
chr6	47200396	ACAxACA	A	C	GP1	GP1	0	DBSNP	COVERED	0.522161	0.522161	1	89	0	0	6.437581	0.125	0.02	-0.208472	21	3	656	88	70	70	0	2	AA	11.312293	51	1	1611	38	KEEP
chr6	116864570	GAGxAAA	A	C	GP1	GP1	0	DBSNP	COVERED	0.229173	0.229173	1	107	0	0	6.396407	0.133333	0.02	-0.131594	13	2	466	80	60	60	0	0	AA	17.696863	73	1	2718	41	KEEP
chr6	117114223	AGGxGTG	T	A	GP1	GP1	0	DBSNP	COVERED	0.888875	0.888875	1	276	0	0	11.517468	0.097561	0.02	-0.359572	37	4	1307	153	60	60	0	0	TT	60.917758	217	1	7875	42	KEEP
chr6	135375991	GCTxTGC	G	A	GP1	GP1	0	DBSNP	COVERED	1	1	1	464	0	0	12.976228	0.037736	0.02	6.568616	153	6	5909	212	60	60	0	0	GG	70.956678	249	1	9637	38	KEEP
chr7	27239676	GTGxAGG	G	C	GP1	GP1	0	NOVEL	UNCOVERED	0.162466	0.162467	0.999997	59	0	0	12.7248	0.307692	0.02	-0.113955	9	4	282	143	60	60	0	0	GG	8.422763	28	0	988	0	KEEP
chr7	92000857	AGCxTTG	C	G	GP1	GP1	0	NOVEL	COVERED	0.998993	0.998993	1	202	0	0	55.204543	0.233766	0.02	2.211928	59	18	2251	648	60	60	1	0	CC	26.609953	99	1	3787	30	KEEP
chr7	99006173	ATTxCGG	G	C	GP1	GP1	0	NOVEL	UNCOVERED	0.099086	0.099721	0.993634	25	0	0	10.07849	0.3	0.02	-0.087731	7	3	263	113	60	60	0	0	GG	3.612182	12	0	483	0	KEEP
chr7	135282106	TTAxTAT	C	T	GP1	GP1	0	NOVEL	COVERED	0.999999	0.999999	1	249	0	0	221.783581	0.508197	0.02	4.505325	60	62	2260	2289	60	60	0	0	CC	28.933525	110	1	4256	40	KEEP
chr8	145749261	TCAxTTC	A	G	GP1	GP1	0	NOVEL	COVERED	0.641347	0.641347	1	76	0	0	11.424505	0.142857	0.02	-0.24537	24	4	836	145	60	60	0	0	AA	9.669388	46	1	1661	40	KEEP
chr9	100971348	CAAxGCC	T	C	GP1	GP1	0	DBSNP	COVERED	1	1	1	393	0	0	12.589656	0.035211	0.02	4.729277	137	5	4937	196	60	60	0	0	TT	59.33229	209	1	7879	34	KEEP
chr10	21805480	CTCxTCC	T	C	GP1	GP1	0	DBSNP	COVERED	0.818465	0.818465	1	97	0	0	8.211747	0.111111	0.02	-0.315249	32	4	1170	117	60	60	0	0	TT	16.239194	54	0	1902	0	KEEP
chr10	73466709	GTCxGTG	T	C	GP1	GP1	0	DBSNP	COVERED	0.888875	0.888875	1	117	0	0	7.871325	0.073171	0.02	-0.359708	38	3	1457	111	60	60	0	0	TT	20.468203	68	0	2615	0	KEEP
chr10	81374651	ACAxCAC	C	T	GP1	GP1	0	DBSNP	COVERED	0.99993	0.99993	1	254	0	0	9.689789	0.041667	0.02	1.945508	92	4	3366	150	60	60	0	0	CC	36.340692	134	1	4949	38	KEEP
chr10	98287792	ACCxGTA	G	T	GP1	GP1	0	DBSNP	COVERED	0.835716	0.835716	1	178	0	0	7.81555	0.081081	0.02	-0.323539	34	3	1103	109	60	60	0	0	GG	33.634774	126	1	4245	41	KEEP
chr10	129903016	AGGxTTC	T	C	GP1	GP1	0	DBSNP	COVERED	1	1	1	616	0	0	24.95834	0.05	0.02	9.797119	190	10	6718	374	60	60	0	0	TT	105.563303	363	1	12914	35	KEEP
chr11	396915	CAAxGGG	C	T	GP1	GP1	0	DBSNP	COVERED	0.986153	0.986153	1	128	0	0	13.751435	0.084746	0.02	2.369912	54	5	1905	188	60	60	0	0	CC	19.564275	65	0	2421	0	KEEP
chr11	114320859	ATGxTGT	C	T	GP1	GP1	0	NOVEL	COVERED	0.781058	0.78106	0.999997	64	0	0	28.760874	0.264706	0.02	-0.298282	25	9	937	330	60	60	0	0	CC	8.72883	29	0	1079	0	KEEP
chr12	55641328	CAGxTGA	G	A	GP1	GP1	0	DBSNP	COVERED	0.999956	0.999956	1	343	0	0	13.865402	0.061224	0.02	1.819208	92	6	3465	208	60	60	0	0	GG	62.597095	221	1	8280	37	KEEP
chr12	100453620	TTGxATG	T	A	GP1	GP1	0	NOVEL	COVERED	0.999407	0.999407	1	163	0	0	8.677736	0.04878	0.02	1.770759	78	4	2701	137	60	60	0	0	TT	21.635823	72	0	2555	0	KEEP
chr14	44974189	CAGxGGG	C	A	GP1	GP1	0	DBSNP	COVERED	0.996371	0.996724	0.999646	102	0	0	103.082068	0.428571	0.02	2.074493	40	30	1270	1095	60	60	1	0	CC	9.007313	30	0	962	0	KEEP
chr14	101442218	CTGxAAT	A	G	GP1	GP1	0	DBSNP	COVERED	0.954491	0.954491	1	218	0	0	7.631144	0.061224	0.02	-0.429891	46	3	1696	111	60	60	0	0	AA	42.741398	142	0	5300	0	KEEP
chr15	24920889	GAAxCTC	C	G	GP1	GP1	0	NOVEL	COVERED	0.989542	0.989542	1	133	0	0	72.963444	0.344262	0.02	2.552093	40	21	1510	800	60	60	0	0	CC	19.564138	65	0	2457	0	KEEP
chr15	73545731	TTTxTTT	G	T	GP1	GP1	0	NOVEL	COVERED	0.994422	0.994422	1	147	0	0	9.86811	0.092308	0.02	2.016305	59	6	1725	152	60	60	2	1	GG	10.997431	41	2	1250	10	KEEP
chr16	25704440	CGAxAGG	C	A	GP1	GP1	0	NOVEL	COVERED	0.999948	0.999948	1	243	0	0	66.740468	0.22449	0.02	1.828531	76	22	2948	789	60	60	0	0	CC	35.819631	119	0	4629	0	KEEP
chr16	30982774	CATxAGA	C	T	GP1	GP1	0	NOVEL	COVERED	1	1	1	399	0	0	134.092022	0.254335	0.02	6.445835	129	44	4919	1557	60	60	0	0	CC	45.978953	166	1	6451	38	KEEP
chr16	68842748	ATAxACT	C	A	GP1	GP1	0	NOVEL	COVERED	0.981955	0.981955	0.999999	94	0	0	59.211821	0.333333	0.02	2.287697	38	19	1389	659	60	60	0	0	CC	6.459101	35	1	1344	39	KEEP
chr16	88495367	CACxGAA	G	A	GP1	GP1	0	DBSNP	COVERED	0.999993	0.999993	1	276	0	0	28.020969	0.090909	0.02	4.610294	100	10	3433	378	60	60	0	0	GG	44.523875	148	0	5177	0	KEEP
chr17	618039	CGCxGCA	G	A	GP1	GP1	0	DBSNP	COVERED	0.865745	0.865745	1	159	0	0	7.339843	0.076923	0.02	-0.342112	36	3	1280	105	60	60	0	0	GG	23.910158	91	1	3298	33	KEEP
chr17	7579536	GTTxAAT	C	A	GP1	GP1	0	COSMIC	COVERED	0.998993	0.998993	1	219	0	0	104.434078	0.410256	0.02	2.203167	46	32	1760	1121	60	60	0	0	CC	34.00346	113	0	4336	0	KEEP
chr17	27441077	CGTxGGG	C	G	GP1	GP1	0	DBSNP	COVERED	0.999407	0.999407	1	259	0	0	10.968871	0.04878	0.02	2.267987	78	4	2807	160	60	60	0	0	CC	38.901465	144	1	5311	42	KEEP
chr17	77768654	CCCxCAG	C	A	GP1	GP1	0	DBSNP	COVERED	0.999948	0.999948	1	280	0	0	10.129252	0.05102	0.02	1.630638	93	5	3366	163	60	60	0	1	CC	46.282128	167	1	6233	38	KEEP
chr17	78022378	CCCxCAG	C	G	GP1	GP1	0	DBSNP	COVERED	0.818458	0.818465	0.999992	80	0	0	7.448574	0.083333	0.02	-0.315706	33	3	1172	105	60	60	0	0	CC	12.03994	40	0	1504	0	KEEP
chr17	79090198	CTCxTGG	C	T	GP1	GP1	0	DBSNP	COVERED	0.552266	0.552887	0.998875	55	0	0	8.747961	0.12	0.02	-0.219332	22	3	844	113	60	60	0	0	CC	8.427623	28	0	1031	0	KEEP
chr19	10250479	CGGxAGT	T	C	GP1	GP1	0	NOVEL	COVERED	0.999862	0.999862	1	196	0	0	94.504594	0.318681	0.02	2.289124	62	29	2101	1054	70	60	0	0	TT	21.29304	84	1	2801	38	KEEP
chr19	17397499	TGTxTTT	G	T	GP1	GP1	0	NOVEL	COVERED	0.95449	0.954491	0.999999	95	0	0	7.533599	0.083333	0.02	-0.429537	44	4	1669	115	60	60	0	1	GG	10.522705	35	0	1267	0	KEEP
chr19	24346227	CTTxAGG	C	A	GP1	GP1	0	DBSNP	COVERED	0.990964	0.990964	1	151	0	0	9.769675	0.064516	0.02	1.8448	58	4	2204	143	60	60	0	0	CC	24.681025	82	0	3106	0	KEEP
chr19	24346233	GATxCAT	A	G	GP1	GP1	0	DBSNP	COVERED	0.987943	0.987943	1	147	0	0	10.558291	0.067797	0.02	2.270123	55	4	1902	150	60	60	0	0	AA	23.768414	79	0	2745	0	KEEP
chr19	54744794	CGTxGGA	G	A	GP1	GP1	0	DBSNP	COVERED	0.709912	0.717315	0.989678	58	0	0	10.232859	0.129032	0.02	-0.271954	27	4	1008	135	60	60	0	0	GG	7.223835	24	0	906	0	KEEP
chr20	3784110	CATxGCG	C	T	GP1	GP1	0	DBSNP	COVERED	1	1	1	294	0	0	10.976133	0.034965	0.02	3.921605	138	5	4995	180	60	60	0	0	CC	37.906492	126	0	4619	0	KEEP
chr20	30193186	CAAxAAT	G	C	GP1	GP1	0	NOVEL	COVERED	1	1	1	379	0	0	13.08026	0.040541	0.02	4.377078	142	6	5483	211	60	60	0	0	GG	57.489764	191	0	7337	0	KEEP
chr22	38483172	GGGxGAC	G	T	GP1	GP1	0	NOVEL	COVERED	0.835716	0.835716	1	105	0	0	7.444378	0.103448	0.02	-0.324474	26	3	897	102	60	60	0	0	GG	15.952869	53	0	2009	0	KEEP
chrX	39922040	GTGxCAA	G	A	GP1	GP1	0	NOVEL	COVERED	0.999881	0.999881	1	200	0	0	9.266052	0.043478	0.02	1.681357	88	4	3243	145	60	60	0	0	GG	26.457577	88	0	3218	0	KEEP
chrX	149680554	GAGxCCC	C	T	GP1	GP1	0	DBSNP	COVERED	0.999948	0.999948	1	250	0	0	9.453333	0.040816	0.02	1.828059	94	4	3480	148	60	60	0	0	CC	34.689302	128	1	4839	36	KEEP
chrX	153633953	TGCxCCA	T	C	GP1	GP1	0	DBSNP	COVERED	0.899308	0.899314	0.999994	89	0	0	7.539137	0.071429	0.02	-0.368436	39	3	1387	108	60	60	0	0	TT	8.863747	42	1	1508	36	KEEP
